Initial Win CP for (console input, console output, system): (CP936, CP936, CP936)
I changed them all to CP936
Rc files read:
  NONE
Latexmk: This is Latexmk, John Collins, 31 Jan. 2024. Version 4.83.
No existing .aux file, so I'll make a simple one, and require run of *latex.
Latexmk: applying rule 'pdflatex'...
Rule 'pdflatex':  Reasons for rerun
Category 'other':
  Rerun of 'pdflatex' forced or previously required:
    Reason or flag: 'Initial setup'

------------
Run number 1 of rule 'pdflatex'
------------
------------
Running 'pdflatex  -interaction=nonstopmode -halt-on-error -recorder  "main.tex"'
------------
This is pdfTeX, Version 3.141592653-2.6-1.40.26 (TeX Live 2024) (preloaded format=pdflatex)
 restricted \write18 enabled.
entering extended mode
(./main.tex
LaTeX2e <2023-11-01> patch level 1
L3 programming layer <2024-02-20>
(d:/texlive/2024/texmf-dist/tex/latex/base/article.cls
Document Class: article 2023/05/17 v1.4n Standard LaTeX document class
(d:/texlive/2024/texmf-dist/tex/latex/base/size11.clo)) (./neurips_2024.sty
(d:/texlive/2024/texmf-dist/tex/latex/geometry/geometry.sty
(d:/texlive/2024/texmf-dist/tex/latex/graphics/keyval.sty)
(d:/texlive/2024/texmf-dist/tex/generic/iftex/ifvtex.sty
(d:/texlive/2024/texmf-dist/tex/generic/iftex/iftex.sty)))
(d:/texlive/2024/texmf-dist/tex/latex/psnfss/times.sty)
(d:/texlive/2024/texmf-dist/tex/latex/natbib/natbib.sty))
(d:/texlive/2024/texmf-dist/tex/latex/amsmath/amsmath.sty
For additional information on amsmath, use the `?' option.
(d:/texlive/2024/texmf-dist/tex/latex/amsmath/amstext.sty
(d:/texlive/2024/texmf-dist/tex/latex/amsmath/amsgen.sty))
(d:/texlive/2024/texmf-dist/tex/latex/amsmath/amsbsy.sty)
(d:/texlive/2024/texmf-dist/tex/latex/amsmath/amsopn.sty))
(d:/texlive/2024/texmf-dist/tex/latex/amsfonts/amssymb.sty
(d:/texlive/2024/texmf-dist/tex/latex/amsfonts/amsfonts.sty))
(d:/texlive/2024/texmf-dist/tex/latex/amscls/amsthm.sty)
(d:/texlive/2024/texmf-dist/tex/latex/graphics/graphicx.sty
(d:/texlive/2024/texmf-dist/tex/latex/graphics/graphics.sty
(d:/texlive/2024/texmf-dist/tex/latex/graphics/trig.sty)
(d:/texlive/2024/texmf-dist/tex/latex/graphics-cfg/graphics.cfg)
(d:/texlive/2024/texmf-dist/tex/latex/graphics-def/pdftex.def)))
(d:/texlive/2024/texmf-dist/tex/latex/booktabs/booktabs.sty)
(d:/texlive/2024/texmf-dist/tex/latex/hyperref/hyperref.sty
(d:/texlive/2024/texmf-dist/tex/latex/kvsetkeys/kvsetkeys.sty)
(d:/texlive/2024/texmf-dist/tex/generic/kvdefinekeys/kvdefinekeys.sty)
(d:/texlive/2024/texmf-dist/tex/generic/pdfescape/pdfescape.sty
(d:/texlive/2024/texmf-dist/tex/generic/ltxcmds/ltxcmds.sty)
(d:/texlive/2024/texmf-dist/tex/generic/pdftexcmds/pdftexcmds.sty
(d:/texlive/2024/texmf-dist/tex/generic/infwarerr/infwarerr.sty)))
(d:/texlive/2024/texmf-dist/tex/latex/hycolor/hycolor.sty)
(d:/texlive/2024/texmf-dist/tex/latex/auxhook/auxhook.sty)
(d:/texlive/2024/texmf-dist/tex/latex/hyperref/nameref.sty
(d:/texlive/2024/texmf-dist/tex/latex/refcount/refcount.sty)
(d:/texlive/2024/texmf-dist/tex/generic/gettitlestring/gettitlestring.sty
(d:/texlive/2024/texmf-dist/tex/latex/kvoptions/kvoptions.sty)))
(d:/texlive/2024/texmf-dist/tex/latex/etoolbox/etoolbox.sty)
(d:/texlive/2024/texmf-dist/tex/latex/hyperref/pd1enc.def)
(d:/texlive/2024/texmf-dist/tex/generic/intcalc/intcalc.sty)
(d:/texlive/2024/texmf-dist/tex/latex/hyperref/puenc.def)
(d:/texlive/2024/texmf-dist/tex/latex/url/url.sty)
(d:/texlive/2024/texmf-dist/tex/generic/bitset/bitset.sty
(d:/texlive/2024/texmf-dist/tex/generic/bigintcalc/bigintcalc.sty))
(d:/texlive/2024/texmf-dist/tex/latex/base/atbegshi-ltx.sty))
(d:/texlive/2024/texmf-dist/tex/latex/hyperref/hpdftex.def
(d:/texlive/2024/texmf-dist/tex/latex/base/atveryend-ltx.sty)
(d:/texlive/2024/texmf-dist/tex/latex/rerunfilecheck/rerunfilecheck.sty
(d:/texlive/2024/texmf-dist/tex/generic/uniquecounter/uniquecounter.sty)))
(d:/texlive/2024/texmf-dist/tex/latex/algorithms/algorithm.sty
(d:/texlive/2024/texmf-dist/tex/latex/float/float.sty)
(d:/texlive/2024/texmf-dist/tex/latex/base/ifthen.sty))
(d:/texlive/2024/texmf-dist/tex/latex/algorithms/algorithmic.sty)
(d:/texlive/2024/texmf-dist/tex/latex/xcolor/xcolor.sty
(d:/texlive/2024/texmf-dist/tex/latex/graphics-cfg/color.cfg)
(d:/texlive/2024/texmf-dist/tex/latex/graphics/mathcolor.ltx))
(d:/texlive/2024/texmf-dist/tex/latex/enumitem/enumitem.sty)
(d:/texlive/2024/texmf-dist/tex/latex/psnfss/ot1ptm.fd)
(d:/texlive/2024/texmf-dist/tex/latex/l3backend/l3backend-pdftex.def)
(./main.aux)
*geometry* driver: auto-detecting
*geometry* detected driver: pdftex
(d:/texlive/2024/texmf-dist/tex/context/base/mkii/supp-pdf.mkii
[Loading MPS to PDF converter (version 2006.09.02).]
) (d:/texlive/2024/texmf-dist/tex/latex/epstopdf-pkg/epstopdf-base.sty
(d:/texlive/2024/texmf-dist/tex/latex/latexconfig/epstopdf-sys.cfg))
(d:/texlive/2024/texmf-dist/tex/latex/amsfonts/umsa.fd)
(d:/texlive/2024/texmf-dist/tex/latex/amsfonts/umsb.fd)

Package natbib Warning: Citation `mcmahan2017communication' on page 1 undefined
 on input line 46.


Package natbib Warning: Citation `jothimurugesan2023federated' on page 1 undefi
ned on input line 46.


Package natbib Warning: Citation `panchal2023flash' on page 1 undefined on inpu
t line 46.


Package natbib Warning: Citation `ghosh2020efficient' on page 1 undefined on in
put line 50.


Package natbib Warning: Citation `sattler2021clustered' on page 1 undefined on 
input line 50.


Package natbib Warning: Citation `deng2020adaptive' on page 1 undefined on inpu
t line 50.


Package natbib Warning: Citation `li2021ditto' on page 1 undefined on input lin
e 50.


LaTeX Warning: Reference `thm:crossover' on page 1 undefined on input line 54.


Overfull \hbox (2.10808pt too wide) in paragraph at lines 54--55
[]\OT1/ptm/b/n/10.95 Sharp crossover \OT1/ptm/m/n/10.95 (The-o-rem []): In a ca
non-i-cal Gaus-sian lin-ear model with or-a-cle con-cept la-bels, concept-

LaTeX Warning: Reference `thm:lower' on page 1 undefined on input line 55.


LaTeX Warning: Reference `thm:shrinkage' on page 1 undefined on input line 56.

[1{d:/texlive/2024/texmf-var/fonts/map/pdftex/updmap/pdftex.map}{d:/texlive/202
4/texmf-dist/fonts/enc/dvips/base/8r.enc}]
(d:/texlive/2024/texmf-dist/tex/latex/psnfss/ts1ptm.fd)

LaTeX Warning: Reference `prop:decomposition' on page 2 undefined on input line
 121.


LaTeX Warning: Reference `eq:crossover' on page 2 undefined on input line 121.

[2]

Package natbib Warning: Citation `ghosh2020efficient' on page 3 undefined on in
put line 126.


Package natbib Warning: Citation `chen2024fedccfa' on page 3 undefined on input
 line 126.


Package natbib Warning: Citation `james1961estimation' on page 3 undefined on i
nput line 156.


Package natbib Warning: Citation `efron1973stein' on page 3 undefined on input 
line 156.

[3]

Package natbib Warning: Citation `deng2020adaptive' on page 4 undefined on inpu
t line 181.


Package natbib Warning: Citation `li2021ditto' on page 4 undefined on input lin
e 181.


LaTeX Warning: Reference `eq:shrinkage' on page 4 undefined on input line 181.


LaTeX Warning: Reference `thm:crossover' on page 4 undefined on input line 191.



LaTeX Warning: Reference `sec:theory' on page 4 undefined on input line 191.


LaTeX Warning: Reference `thm:shrinkage' on page 4 undefined on input line 197.



Package natbib Warning: Citation `ghosh2020efficient' on page 4 undefined on in
put line 198.


Package natbib Warning: Citation `sattler2021clustered' on page 4 undefined on 
input line 199.


Package natbib Warning: Citation `deng2020adaptive' on page 4 undefined on inpu
t line 200.


LaTeX Warning: Reference `tab:main' on page 4 undefined on input line 203.


LaTeX Warning: Reference `fig:phase' on page 4 undefined on input line 203.


LaTeX Warning: Reference `thm:shrinkage' on page 4 undefined on input line 234.



LaTeX Warning: Reference `thm:shrinkage' on page 4 undefined on input line 234.



LaTeX Warning: Reference `thm:crossover' on page 4 undefined on input line 239.



LaTeX Warning: Reference `fig:phase' on page 4 undefined on input line 239.

[4]

LaTeX Warning: Reference `eq:lambda' on page 5 undefined on input line 241.


LaTeX Warning: Reference `tab:cifar' on page 5 undefined on input line 267.

[5
pdfTeX warning (ext4): destination with the same identifier (name{table.1}) has
 been already used, duplicate ignored
<argument> ...shipout:D \box_use:N \l_shipout_box 
                                                  \__shipout_drop_firstpage_...
l.268 
      
pdfTeX warning (ext4): destination with the same identifier (name{figure.1}) ha
s been already used, duplicate ignored
<argument> ...shipout:D \box_use:N \l_shipout_box 
                                                  \__shipout_drop_firstpage_...
l.268 
      
pdfTeX warning (ext4): destination with the same identifier (name{figure.2}) ha
s been already used, duplicate ignored
<argument> ...shipout:D \box_use:N \l_shipout_box 
                                                  \__shipout_drop_firstpage_...
l.268 
       <./figures/phase_diagram.pdf> <./figures/best_method.pdf>]

LaTeX Warning: Reference `thm:crossover' on page 6 undefined on input line 273.



LaTeX Warning: Reference `app:cifar_diag' on page 6 undefined on input line 273
.


LaTeX Warning: Reference `app:cifar_diag' on page 6 undefined on input line 277
.


LaTeX Warning: Reference `app:cifar_diag' on page 6 undefined on input line 277
.


LaTeX Warning: Reference `fig:regime' on page 6 undefined on input line 300.


LaTeX Warning: Reference `sec:theory' on page 6 undefined on input line 309.


LaTeX Warning: Reference `app:cifar_phase' on page 6 undefined on input line 31
1.


LaTeX Warning: Reference `app:scalability' on page 6 undefined on input line 31
1.


LaTeX Warning: Reference `app:intervention' on page 6 undefined on input line 3
11.


LaTeX Warning: Reference `thm:crossover' on page 6 undefined on input line 311.


[6
pdfTeX warning (ext4): destination with the same identifier (name{figure.3}) ha
s been already used, duplicate ignored
<argument> ...shipout:D \box_use:N \l_shipout_box 
                                                  \__shipout_drop_firstpage_...
l.312 
      
pdfTeX warning (ext4): destination with the same identifier (name{figure.4}) ha
s been already used, duplicate ignored
<argument> ...shipout:D \box_use:N \l_shipout_box 
                                                  \__shipout_drop_firstpage_...
l.312 
       <./figures/snr_advantage.pdf> <./figures/shrinkage_heatmap.pdf>]

Package natbib Warning: Citation `ghosh2020efficient' on page 7 undefined on in
put line 318.


Package natbib Warning: Citation `sattler2021clustered' on page 7 undefined on 
input line 318.


Package natbib Warning: Citation `chen2024fedccfa' on page 7 undefined on input
 line 318.


Package natbib Warning: Citation `deng2020adaptive' on page 7 undefined on inpu
t line 320.


Package natbib Warning: Citation `li2021ditto' on page 7 undefined on input lin
e 320.


Package natbib Warning: Citation `t2020personalized' on page 7 undefined on inp
ut line 320.


Package natbib Warning: Citation `jothimurugesan2023federated' on page 7 undefi
ned on input line 322.


Package natbib Warning: Citation `panchal2023flash' on page 7 undefined on inpu
t line 322.


Package natbib Warning: Citation `chen2024fedccfa' on page 7 undefined on input
 line 322.


Package natbib Warning: Citation `ghosh2020efficient' on page 7 undefined on in
put line 324.


Package natbib Warning: Citation `xu2024icml' on page 7 undefined on input line
 324.


Package natbib Warning: Citation `kim2024icml' on page 7 undefined on input lin
e 324.


Package natbib Warning: Citation `james1961estimation' on page 7 undefined on i
nput line 324.


Package natbib Warning: Citation `efron1973stein' on page 7 undefined on input 
line 324.

[7
pdfTeX warning (ext4): destination with the same identifier (name{table.2}) has
 been already used, duplicate ignored
<argument> ...shipout:D \box_use:N \l_shipout_box 
                                                  \__shipout_drop_firstpage_...
l.325 
      
pdfTeX warning (ext4): destination with the same identifier (name{figure.5}) ha
s been already used, duplicate ignored
<argument> ...shipout:D \box_use:N \l_shipout_box 
                                                  \__shipout_drop_firstpage_...
l.325 
       <./figures/regime_boundary.pdf>]
No file main.bbl.
[8]

LaTeX Warning: Reference `prop:decomposition' on page 9 undefined on input line
 340.


LaTeX Warning: Reference `thm:lower' on page 9 undefined on input line 351.


Package natbib Warning: Citation `tsybakov2009introduction' on page 9 undefined
 on input line 363.


LaTeX Warning: Reference `tab:extended' on page 9 undefined on input line 368.


Package natbib Warning: Citation `ghosh2020efficient' on page 9 undefined on in
put line 392.

[9
pdfTeX warning (ext4): destination with the same identifier (name{table.3}) has
 been already used, duplicate ignored
<argument> ...shipout:D \box_use:N \l_shipout_box 
                                                  \__shipout_drop_firstpage_...
l.393 
      ]

Package natbib Warning: Citation `sattler2021clustered' on page 10 undefined on
 input line 394.


Package natbib Warning: Citation `deng2020adaptive' on page 10 undefined on inp
ut line 396.


LaTeX Warning: Reference `tab:cifar_diag' on page 10 undefined on input line 40
1.


LaTeX Warning: Reference `sec:cifar' on page 10 undefined on input line 401.


LaTeX Warning: Reference `tab:cifar' on page 10 undefined on input line 418.


LaTeX Warning: Reference `thm:crossover' on page 10 undefined on input line 427
.


LaTeX Warning: Reference `thm:crossover' on page 10 undefined on input line 427
.


LaTeX Warning: Reference `tab:cifar_phase' on page 10 undefined on input line 4
45.

[10
pdfTeX warning (ext4): destination with the same identifier (name{table.4}) has
 been already used, duplicate ignored
<argument> ...shipout:D \box_use:N \l_shipout_box 
                                                  \__shipout_drop_firstpage_...
l.447     \item \textbf
                       {Oracle advantage grows with heterogeneity.} In the s...

pdfTeX warning (ext4): destination with the same identifier (name{table.5}) has
 been already used, duplicate ignored
<argument> ...shipout:D \box_use:N \l_shipout_box 
                                                  \__shipout_drop_firstpage_...
l.447     \item \textbf
                       {Oracle advantage grows with heterogeneity.} In the s...
]
Overfull \hbox (1.47758pt too wide) in paragraph at lines 447--448
\OT1/ptm/m/n/10.95 Or-a-cle barely beats Fe-dAvg ($\OT1/cmr/m/n/10.95 0\OML/cmm
/m/it/10.95 :\OT1/cmr/m/n/10.95 484$ \OT1/ptm/m/n/10.95 vs $\OT1/cmr/m/n/10.95 
0\OML/cmm/m/it/10.95 :\OT1/cmr/m/n/10.95 507$\OT1/ptm/m/n/10.95 ---FedAvg ac-tu
-ally wins here). In the dis-joint regime ($[] \OMS/cmsy/m/n/10.95 ^^]

LaTeX Warning: `h' float specifier changed to `ht'.

[11
pdfTeX warning (ext4): destination with the same identifier (name{table.6}) has
 been already used, duplicate ignored
<argument> ...shipout:D \box_use:N \l_shipout_box 
                                                  \__shipout_drop_firstpage_...
l.512     \item P
                 ipeline gap (model, aggregation, communication): $+5.63$pp ...
]

LaTeX Warning: Reference `thm:crossover' on page 12 undefined on input line 515
.


Package natbib Warning: There were undefined citations.

[12
pdfTeX warning (ext4): destination with the same identifier (name{table.7}) has
 been already used, duplicate ignored
<argument> ...shipout:D \box_use:N \l_shipout_box 
                                                  \__shipout_drop_firstpage_...
l.517 \end{document}
                    ] (./main.aux)

LaTeX Warning: There were undefined references.


LaTeX Warning: Label(s) may have changed. Rerun to get cross-references right.


Package rerunfilecheck Warning: File `main.out' has changed.
(rerunfilecheck)                Rerun to get outlines right
(rerunfilecheck)                or use package `bookmark'.

 )
(see the transcript file for additional information)<d:/texlive/2024/texmf-dist
/fonts/type1/public/amsfonts/cm/cmbx10.pfb><d:/texlive/2024/texmf-dist/fonts/ty
pe1/public/amsfonts/cm/cmex10.pfb><d:/texlive/2024/texmf-dist/fonts/type1/publi
c/amsfonts/cm/cmmi10.pfb><d:/texlive/2024/texmf-dist/fonts/type1/public/amsfont
s/cm/cmmi6.pfb><d:/texlive/2024/texmf-dist/fonts/type1/public/amsfonts/cm/cmmi7
.pfb><d:/texlive/2024/texmf-dist/fonts/type1/public/amsfonts/cm/cmmi8.pfb><d:/t
exlive/2024/texmf-dist/fonts/type1/public/amsfonts/cm/cmr10.pfb><d:/texlive/202
4/texmf-dist/fonts/type1/public/amsfonts/cm/cmr6.pfb><d:/texlive/2024/texmf-dis
t/fonts/type1/public/amsfonts/cm/cmr7.pfb><d:/texlive/2024/texmf-dist/fonts/typ
e1/public/amsfonts/cm/cmr8.pfb><d:/texlive/2024/texmf-dist/fonts/type1/public/a
msfonts/cm/cmsy10.pfb><d:/texlive/2024/texmf-dist/fonts/type1/public/amsfonts/c
m/cmsy6.pfb><d:/texlive/2024/texmf-dist/fonts/type1/public/amsfonts/cm/cmsy8.pf
b><d:/texlive/2024/texmf-dist/fonts/type1/public/amsfonts/symbols/msam10.pfb><d
:/texlive/2024/texmf-dist/fonts/type1/public/amsfonts/symbols/msbm10.pfb><d:/te
xlive/2024/texmf-dist/fonts/type1/urw/times/utmb8a.pfb><d:/texlive/2024/texmf-d
ist/fonts/type1/urw/times/utmr8a.pfb><d:/texlive/2024/texmf-dist/fonts/type1/ur
w/times/utmri8a.pfb>
Output written on main.pdf (12 pages, 332820 bytes).
Transcript written on main.log.
Latexmk: Missing bbl file 'main.bbl' in following:
 No file main.bbl.
Latexmk: Getting log file 'main.log'
Latexmk: Examining 'main.fls'
Latexmk: Examining 'main.log'
Latexmk: References changed.
Latexmk: References changed.
Latexmk: Log file says output to 'main.pdf'
Latexmk: Found bibliography file(s):
  ./references.bib
Latexmk: applying rule 'bibtex main'...
Rule 'bibtex main':  Reasons for rerun
Category 'other':
  Rerun of 'bibtex main' forced or previously required:
    Reason or flag: 'Initial set up of rule'

------------
Run number 1 of rule 'bibtex main'
------------
------------
Running 'bibtex  "main.aux"'
------------
This is BibTeX, Version 0.99d (TeX Live 2024)
The top-level auxiliary file: main.aux
The style file: plainnat.bst
Database file #1: references.bib
Latexmk: applying rule 'pdflatex'...
Rule 'pdflatex':  Reasons for rerun
Changed files or newly in use/created:
  main.aux
  main.bbl
  main.out

------------
Run number 2 of rule 'pdflatex'
------------
------------
Running 'pdflatex  -interaction=nonstopmode -halt-on-error -recorder  "main.tex"'
------------
This is pdfTeX, Version 3.141592653-2.6-1.40.26 (TeX Live 2024) (preloaded format=pdflatex)
 restricted \write18 enabled.
entering extended mode
(./main.tex
LaTeX2e <2023-11-01> patch level 1
L3 programming layer <2024-02-20>
(d:/texlive/2024/texmf-dist/tex/latex/base/article.cls
Document Class: article 2023/05/17 v1.4n Standard LaTeX document class
(d:/texlive/2024/texmf-dist/tex/latex/base/size11.clo)) (./neurips_2024.sty
(d:/texlive/2024/texmf-dist/tex/latex/geometry/geometry.sty
(d:/texlive/2024/texmf-dist/tex/latex/graphics/keyval.sty)
(d:/texlive/2024/texmf-dist/tex/generic/iftex/ifvtex.sty
(d:/texlive/2024/texmf-dist/tex/generic/iftex/iftex.sty)))
(d:/texlive/2024/texmf-dist/tex/latex/psnfss/times.sty)
(d:/texlive/2024/texmf-dist/tex/latex/natbib/natbib.sty))
(d:/texlive/2024/texmf-dist/tex/latex/amsmath/amsmath.sty
For additional information on amsmath, use the `?' option.
(d:/texlive/2024/texmf-dist/tex/latex/amsmath/amstext.sty
(d:/texlive/2024/texmf-dist/tex/latex/amsmath/amsgen.sty))
(d:/texlive/2024/texmf-dist/tex/latex/amsmath/amsbsy.sty)
(d:/texlive/2024/texmf-dist/tex/latex/amsmath/amsopn.sty))
(d:/texlive/2024/texmf-dist/tex/latex/amsfonts/amssymb.sty
(d:/texlive/2024/texmf-dist/tex/latex/amsfonts/amsfonts.sty))
(d:/texlive/2024/texmf-dist/tex/latex/amscls/amsthm.sty)
(d:/texlive/2024/texmf-dist/tex/latex/graphics/graphicx.sty
(d:/texlive/2024/texmf-dist/tex/latex/graphics/graphics.sty
(d:/texlive/2024/texmf-dist/tex/latex/graphics/trig.sty)
(d:/texlive/2024/texmf-dist/tex/latex/graphics-cfg/graphics.cfg)
(d:/texlive/2024/texmf-dist/tex/latex/graphics-def/pdftex.def)))
(d:/texlive/2024/texmf-dist/tex/latex/booktabs/booktabs.sty)
(d:/texlive/2024/texmf-dist/tex/latex/hyperref/hyperref.sty
(d:/texlive/2024/texmf-dist/tex/latex/kvsetkeys/kvsetkeys.sty)
(d:/texlive/2024/texmf-dist/tex/generic/kvdefinekeys/kvdefinekeys.sty)
(d:/texlive/2024/texmf-dist/tex/generic/pdfescape/pdfescape.sty
(d:/texlive/2024/texmf-dist/tex/generic/ltxcmds/ltxcmds.sty)
(d:/texlive/2024/texmf-dist/tex/generic/pdftexcmds/pdftexcmds.sty
(d:/texlive/2024/texmf-dist/tex/generic/infwarerr/infwarerr.sty)))
(d:/texlive/2024/texmf-dist/tex/latex/hycolor/hycolor.sty)
(d:/texlive/2024/texmf-dist/tex/latex/auxhook/auxhook.sty)
(d:/texlive/2024/texmf-dist/tex/latex/hyperref/nameref.sty
(d:/texlive/2024/texmf-dist/tex/latex/refcount/refcount.sty)
(d:/texlive/2024/texmf-dist/tex/generic/gettitlestring/gettitlestring.sty
(d:/texlive/2024/texmf-dist/tex/latex/kvoptions/kvoptions.sty)))
(d:/texlive/2024/texmf-dist/tex/latex/etoolbox/etoolbox.sty)
(d:/texlive/2024/texmf-dist/tex/latex/hyperref/pd1enc.def)
(d:/texlive/2024/texmf-dist/tex/generic/intcalc/intcalc.sty)
(d:/texlive/2024/texmf-dist/tex/latex/hyperref/puenc.def)
(d:/texlive/2024/texmf-dist/tex/latex/url/url.sty)
(d:/texlive/2024/texmf-dist/tex/generic/bitset/bitset.sty
(d:/texlive/2024/texmf-dist/tex/generic/bigintcalc/bigintcalc.sty))
(d:/texlive/2024/texmf-dist/tex/latex/base/atbegshi-ltx.sty))
(d:/texlive/2024/texmf-dist/tex/latex/hyperref/hpdftex.def
(d:/texlive/2024/texmf-dist/tex/latex/base/atveryend-ltx.sty)
(d:/texlive/2024/texmf-dist/tex/latex/rerunfilecheck/rerunfilecheck.sty
(d:/texlive/2024/texmf-dist/tex/generic/uniquecounter/uniquecounter.sty)))
(d:/texlive/2024/texmf-dist/tex/latex/algorithms/algorithm.sty
(d:/texlive/2024/texmf-dist/tex/latex/float/float.sty)
(d:/texlive/2024/texmf-dist/tex/latex/base/ifthen.sty))
(d:/texlive/2024/texmf-dist/tex/latex/algorithms/algorithmic.sty)
(d:/texlive/2024/texmf-dist/tex/latex/xcolor/xcolor.sty
(d:/texlive/2024/texmf-dist/tex/latex/graphics-cfg/color.cfg)
(d:/texlive/2024/texmf-dist/tex/latex/graphics/mathcolor.ltx))
(d:/texlive/2024/texmf-dist/tex/latex/enumitem/enumitem.sty)
(d:/texlive/2024/texmf-dist/tex/latex/psnfss/ot1ptm.fd)
(d:/texlive/2024/texmf-dist/tex/latex/l3backend/l3backend-pdftex.def)
(./main.aux)
*geometry* driver: auto-detecting
*geometry* detected driver: pdftex
(d:/texlive/2024/texmf-dist/tex/context/base/mkii/supp-pdf.mkii
[Loading MPS to PDF converter (version 2006.09.02).]
) (d:/texlive/2024/texmf-dist/tex/latex/epstopdf-pkg/epstopdf-base.sty
(d:/texlive/2024/texmf-dist/tex/latex/latexconfig/epstopdf-sys.cfg))
(./main.out) (./main.out)
(d:/texlive/2024/texmf-dist/tex/latex/amsfonts/umsa.fd)
(d:/texlive/2024/texmf-dist/tex/latex/amsfonts/umsb.fd)

Package natbib Warning: Citation `mcmahan2017communication' on page 1 undefined
 on input line 46.


Package natbib Warning: Citation `jothimurugesan2023federated' on page 1 undefi
ned on input line 46.


Package natbib Warning: Citation `panchal2023flash' on page 1 undefined on inpu
t line 46.


Package natbib Warning: Citation `ghosh2020efficient' on page 1 undefined on in
put line 50.


Package natbib Warning: Citation `sattler2021clustered' on page 1 undefined on 
input line 50.


Package natbib Warning: Citation `deng2020adaptive' on page 1 undefined on inpu
t line 50.


Package natbib Warning: Citation `li2021ditto' on page 1 undefined on input lin
e 50.

[1{d:/texlive/2024/texmf-var/fonts/map/pdftex/updmap/pdftex.map}{d:/texlive/202
4/texmf-dist/fonts/enc/dvips/base/8r.enc}]
(d:/texlive/2024/texmf-dist/tex/latex/psnfss/ts1ptm.fd) [2]

Package natbib Warning: Citation `ghosh2020efficient' on page 3 undefined on in
put line 126.


Package natbib Warning: Citation `chen2024fedccfa' on page 3 undefined on input
 line 126.


Package natbib Warning: Citation `james1961estimation' on page 3 undefined on i
nput line 156.


Package natbib Warning: Citation `efron1973stein' on page 3 undefined on input 
line 156.

[3]

Package natbib Warning: Citation `deng2020adaptive' on page 4 undefined on inpu
t line 181.


Package natbib Warning: Citation `li2021ditto' on page 4 undefined on input lin
e 181.


Package natbib Warning: Citation `ghosh2020efficient' on page 4 undefined on in
put line 198.


Package natbib Warning: Citation `sattler2021clustered' on page 4 undefined on 
input line 199.


Package natbib Warning: Citation `deng2020adaptive' on page 4 undefined on inpu
t line 200.

[4] [5
pdfTeX warning (ext4): destination with the same identifier (name{table.1}) has
 been already used, duplicate ignored
<argument> ...shipout:D \box_use:N \l_shipout_box 
                                                  \__shipout_drop_firstpage_...
l.268 
      
pdfTeX warning (ext4): destination with the same identifier (name{figure.1}) ha
s been already used, duplicate ignored
<argument> ...shipout:D \box_use:N \l_shipout_box 
                                                  \__shipout_drop_firstpage_...
l.268 
      
pdfTeX warning (ext4): destination with the same identifier (name{figure.2}) ha
s been already used, duplicate ignored
<argument> ...shipout:D \box_use:N \l_shipout_box 
                                                  \__shipout_drop_firstpage_...
l.268 
       <./figures/phase_diagram.pdf> <./figures/best_method.pdf>] [6
pdfTeX warning (ext4): destination with the same identifier (name{figure.3}) ha
s been already used, duplicate ignored
<argument> ...shipout:D \box_use:N \l_shipout_box 
                                                  \__shipout_drop_firstpage_...
l.312 
      
pdfTeX warning (ext4): destination with the same identifier (name{figure.4}) ha
s been already used, duplicate ignored
<argument> ...shipout:D \box_use:N \l_shipout_box 
                                                  \__shipout_drop_firstpage_...
l.312 
       <./figures/snr_advantage.pdf> <./figures/shrinkage_heatmap.pdf>]

Package natbib Warning: Citation `ghosh2020efficient' on page 7 undefined on in
put line 318.


Package natbib Warning: Citation `sattler2021clustered' on page 7 undefined on 
input line 318.


Package natbib Warning: Citation `chen2024fedccfa' on page 7 undefined on input
 line 318.


Package natbib Warning: Citation `deng2020adaptive' on page 7 undefined on inpu
t line 320.


Package natbib Warning: Citation `li2021ditto' on page 7 undefined on input lin
e 320.


Package natbib Warning: Citation `t2020personalized' on page 7 undefined on inp
ut line 320.


Package natbib Warning: Citation `jothimurugesan2023federated' on page 7 undefi
ned on input line 322.


Package natbib Warning: Citation `panchal2023flash' on page 7 undefined on inpu
t line 322.


Package natbib Warning: Citation `chen2024fedccfa' on page 7 undefined on input
 line 322.


Package natbib Warning: Citation `ghosh2020efficient' on page 7 undefined on in
put line 324.


Package natbib Warning: Citation `xu2024icml' on page 7 undefined on input line
 324.


Package natbib Warning: Citation `kim2024icml' on page 7 undefined on input lin
e 324.


Package natbib Warning: Citation `james1961estimation' on page 7 undefined on i
nput line 324.


Package natbib Warning: Citation `efron1973stein' on page 7 undefined on input 
line 324.

[7
pdfTeX warning (ext4): destination with the same identifier (name{table.2}) has
 been already used, duplicate ignored
<argument> ...shipout:D \box_use:N \l_shipout_box 
                                                  \__shipout_drop_firstpage_...
l.325 
      
pdfTeX warning (ext4): destination with the same identifier (name{figure.5}) ha
s been already used, duplicate ignored
<argument> ...shipout:D \box_use:N \l_shipout_box 
                                                  \__shipout_drop_firstpage_...
l.325 
       <./figures/regime_boundary.pdf>] (./main.bbl
Underfull \hbox (badness 1728) in paragraph at lines 57--62
[]\OT1/ptm/m/n/10.95 Brendan McMa-han, Ei-der Moore, Daniel Ra-m-age, Seth Hamp
-son, and Blaise Ag[]uera y Ar-cas.
[8]) [9]

Package natbib Warning: Citation `tsybakov2009introduction' on page 10 undefine
d on input line 363.


Package natbib Warning: Citation `ghosh2020efficient' on page 10 undefined on i
nput line 392.

[10
pdfTeX warning (ext4): destination with the same identifier (name{table.3}) has
 been already used, duplicate ignored
<argument> ...shipout:D \box_use:N \l_shipout_box 
                                                  \__shipout_drop_firstpage_...
l.393 
      ]

Package natbib Warning: Citation `sattler2021clustered' on page 11 undefined on
 input line 394.


Package natbib Warning: Citation `deng2020adaptive' on page 11 undefined on inp
ut line 396.

[11
pdfTeX warning (ext4): destination with the same identifier (name{table.4}) has
 been already used, duplicate ignored
<argument> ...shipout:D \box_use:N \l_shipout_box 
                                                  \__shipout_drop_firstpage_...
l.447     \item \textbf
                       {Oracle advantage grows with heterogeneity.} In the s...

pdfTeX warning (ext4): destination with the same identifier (name{table.5}) has
 been already used, duplicate ignored
<argument> ...shipout:D \box_use:N \l_shipout_box 
                                                  \__shipout_drop_firstpage_...
l.447     \item \textbf
                       {Oracle advantage grows with heterogeneity.} In the s...
]
Overfull \hbox (1.47758pt too wide) in paragraph at lines 447--448
\OT1/ptm/m/n/10.95 Or-a-cle barely beats Fe-dAvg ($\OT1/cmr/m/n/10.95 0\OML/cmm
/m/it/10.95 :\OT1/cmr/m/n/10.95 484$ \OT1/ptm/m/n/10.95 vs $\OT1/cmr/m/n/10.95 
0\OML/cmm/m/it/10.95 :\OT1/cmr/m/n/10.95 507$\OT1/ptm/m/n/10.95 ---FedAvg ac-tu
-ally wins here). In the dis-joint regime ($[] \OMS/cmsy/m/n/10.95 ^^]

LaTeX Warning: `h' float specifier changed to `ht'.

[12
pdfTeX warning (ext4): destination with the same identifier (name{table.6}) has
 been already used, duplicate ignored
<argument> ...shipout:D \box_use:N \l_shipout_box 
                                                  \__shipout_drop_firstpage_...
l.512     \item P
                 ipeline gap (model, aggregation, communication): $+5.63$pp ...
]

Package natbib Warning: There were undefined citations.

[13
pdfTeX warning (ext4): destination with the same identifier (name{table.7}) has
 been already used, duplicate ignored
<argument> ...shipout:D \box_use:N \l_shipout_box 
                                                  \__shipout_drop_firstpage_...
l.517 \end{document}
                    ] (./main.aux

Package natbib Warning: Citation(s) may have changed.
(natbib)                Rerun to get citations correct.

)

LaTeX Warning: Label(s) may have changed. Rerun to get cross-references right.


Package rerunfilecheck Warning: File `main.out' has changed.
(rerunfilecheck)                Rerun to get outlines right
(rerunfilecheck)                or use package `bookmark'.

 )
(see the transcript file for additional information)<d:/texlive/2024/texmf-dist
/fonts/type1/public/amsfonts/cm/cmbx10.pfb><d:/texlive/2024/texmf-dist/fonts/ty
pe1/public/amsfonts/cm/cmex10.pfb><d:/texlive/2024/texmf-dist/fonts/type1/publi
c/amsfonts/cm/cmmi10.pfb><d:/texlive/2024/texmf-dist/fonts/type1/public/amsfont
s/cm/cmmi6.pfb><d:/texlive/2024/texmf-dist/fonts/type1/public/amsfonts/cm/cmmi7
.pfb><d:/texlive/2024/texmf-dist/fonts/type1/public/amsfonts/cm/cmmi8.pfb><d:/t
exlive/2024/texmf-dist/fonts/type1/public/amsfonts/cm/cmr10.pfb><d:/texlive/202
4/texmf-dist/fonts/type1/public/amsfonts/cm/cmr6.pfb><d:/texlive/2024/texmf-dis
t/fonts/type1/public/amsfonts/cm/cmr7.pfb><d:/texlive/2024/texmf-dist/fonts/typ
e1/public/amsfonts/cm/cmr8.pfb><d:/texlive/2024/texmf-dist/fonts/type1/public/a
msfonts/cm/cmsy10.pfb><d:/texlive/2024/texmf-dist/fonts/type1/public/amsfonts/c
m/cmsy6.pfb><d:/texlive/2024/texmf-dist/fonts/type1/public/amsfonts/cm/cmsy8.pf
b><d:/texlive/2024/texmf-dist/fonts/type1/public/amsfonts/symbols/msam10.pfb><d
:/texlive/2024/texmf-dist/fonts/type1/public/amsfonts/symbols/msbm10.pfb><d:/te
xlive/2024/texmf-dist/fonts/type1/urw/times/utmb8a.pfb><d:/texlive/2024/texmf-d
ist/fonts/type1/urw/times/utmr8a.pfb><d:/texlive/2024/texmf-dist/fonts/type1/ur
w/times/utmri8a.pfb>
Output written on main.pdf (13 pages, 339805 bytes).
Transcript written on main.log.
Latexmk: Getting log file 'main.log'
Latexmk: Examining 'main.fls'
Latexmk: Examining 'main.log'
Latexmk: Found input bbl file 'main.bbl'
Latexmk: References changed.
Latexmk: References changed.
Latexmk: References changed.
Latexmk: Log file says output to 'main.pdf'
Latexmk: Found bibliography file(s):
  ./references.bib
Latexmk: applying rule 'bibtex main'...
Rule 'bibtex main':  Reasons for rerun
Changed files or newly in use/created:
  main.aux

------------
Run number 2 of rule 'bibtex main'
------------
------------
Running 'bibtex  "main.aux"'
------------
This is BibTeX, Version 0.99d (TeX Live 2024)
The top-level auxiliary file: main.aux
The style file: plainnat.bst
Database file #1: references.bib
Latexmk: applying rule 'pdflatex'...
Rule 'pdflatex':  Reasons for rerun
Changed files or newly in use/created:
  main.aux
  main.out

------------
Run number 3 of rule 'pdflatex'
------------
------------
Running 'pdflatex  -interaction=nonstopmode -halt-on-error -recorder  "main.tex"'
------------
This is pdfTeX, Version 3.141592653-2.6-1.40.26 (TeX Live 2024) (preloaded format=pdflatex)
 restricted \write18 enabled.
entering extended mode
(./main.tex
LaTeX2e <2023-11-01> patch level 1
L3 programming layer <2024-02-20>
(d:/texlive/2024/texmf-dist/tex/latex/base/article.cls
Document Class: article 2023/05/17 v1.4n Standard LaTeX document class
(d:/texlive/2024/texmf-dist/tex/latex/base/size11.clo)) (./neurips_2024.sty
(d:/texlive/2024/texmf-dist/tex/latex/geometry/geometry.sty
(d:/texlive/2024/texmf-dist/tex/latex/graphics/keyval.sty)
(d:/texlive/2024/texmf-dist/tex/generic/iftex/ifvtex.sty
(d:/texlive/2024/texmf-dist/tex/generic/iftex/iftex.sty)))
(d:/texlive/2024/texmf-dist/tex/latex/psnfss/times.sty)
(d:/texlive/2024/texmf-dist/tex/latex/natbib/natbib.sty))
(d:/texlive/2024/texmf-dist/tex/latex/amsmath/amsmath.sty
For additional information on amsmath, use the `?' option.
(d:/texlive/2024/texmf-dist/tex/latex/amsmath/amstext.sty
(d:/texlive/2024/texmf-dist/tex/latex/amsmath/amsgen.sty))
(d:/texlive/2024/texmf-dist/tex/latex/amsmath/amsbsy.sty)
(d:/texlive/2024/texmf-dist/tex/latex/amsmath/amsopn.sty))
(d:/texlive/2024/texmf-dist/tex/latex/amsfonts/amssymb.sty
(d:/texlive/2024/texmf-dist/tex/latex/amsfonts/amsfonts.sty))
(d:/texlive/2024/texmf-dist/tex/latex/amscls/amsthm.sty)
(d:/texlive/2024/texmf-dist/tex/latex/graphics/graphicx.sty
(d:/texlive/2024/texmf-dist/tex/latex/graphics/graphics.sty
(d:/texlive/2024/texmf-dist/tex/latex/graphics/trig.sty)
(d:/texlive/2024/texmf-dist/tex/latex/graphics-cfg/graphics.cfg)
(d:/texlive/2024/texmf-dist/tex/latex/graphics-def/pdftex.def)))
(d:/texlive/2024/texmf-dist/tex/latex/booktabs/booktabs.sty)
(d:/texlive/2024/texmf-dist/tex/latex/hyperref/hyperref.sty
(d:/texlive/2024/texmf-dist/tex/latex/kvsetkeys/kvsetkeys.sty)
(d:/texlive/2024/texmf-dist/tex/generic/kvdefinekeys/kvdefinekeys.sty)
(d:/texlive/2024/texmf-dist/tex/generic/pdfescape/pdfescape.sty
(d:/texlive/2024/texmf-dist/tex/generic/ltxcmds/ltxcmds.sty)
(d:/texlive/2024/texmf-dist/tex/generic/pdftexcmds/pdftexcmds.sty
(d:/texlive/2024/texmf-dist/tex/generic/infwarerr/infwarerr.sty)))
(d:/texlive/2024/texmf-dist/tex/latex/hycolor/hycolor.sty)
(d:/texlive/2024/texmf-dist/tex/latex/auxhook/auxhook.sty)
(d:/texlive/2024/texmf-dist/tex/latex/hyperref/nameref.sty
(d:/texlive/2024/texmf-dist/tex/latex/refcount/refcount.sty)
(d:/texlive/2024/texmf-dist/tex/generic/gettitlestring/gettitlestring.sty
(d:/texlive/2024/texmf-dist/tex/latex/kvoptions/kvoptions.sty)))
(d:/texlive/2024/texmf-dist/tex/latex/etoolbox/etoolbox.sty)
(d:/texlive/2024/texmf-dist/tex/latex/hyperref/pd1enc.def)
(d:/texlive/2024/texmf-dist/tex/generic/intcalc/intcalc.sty)
(d:/texlive/2024/texmf-dist/tex/latex/hyperref/puenc.def)
(d:/texlive/2024/texmf-dist/tex/latex/url/url.sty)
(d:/texlive/2024/texmf-dist/tex/generic/bitset/bitset.sty
(d:/texlive/2024/texmf-dist/tex/generic/bigintcalc/bigintcalc.sty))
(d:/texlive/2024/texmf-dist/tex/latex/base/atbegshi-ltx.sty))
(d:/texlive/2024/texmf-dist/tex/latex/hyperref/hpdftex.def
(d:/texlive/2024/texmf-dist/tex/latex/base/atveryend-ltx.sty)
(d:/texlive/2024/texmf-dist/tex/latex/rerunfilecheck/rerunfilecheck.sty
(d:/texlive/2024/texmf-dist/tex/generic/uniquecounter/uniquecounter.sty)))
(d:/texlive/2024/texmf-dist/tex/latex/algorithms/algorithm.sty
(d:/texlive/2024/texmf-dist/tex/latex/float/float.sty)
(d:/texlive/2024/texmf-dist/tex/latex/base/ifthen.sty))
(d:/texlive/2024/texmf-dist/tex/latex/algorithms/algorithmic.sty)
(d:/texlive/2024/texmf-dist/tex/latex/xcolor/xcolor.sty
(d:/texlive/2024/texmf-dist/tex/latex/graphics-cfg/color.cfg)
(d:/texlive/2024/texmf-dist/tex/latex/graphics/mathcolor.ltx))
(d:/texlive/2024/texmf-dist/tex/latex/enumitem/enumitem.sty)
(d:/texlive/2024/texmf-dist/tex/latex/psnfss/ot1ptm.fd)
(d:/texlive/2024/texmf-dist/tex/latex/l3backend/l3backend-pdftex.def)
(./main.aux)
*geometry* driver: auto-detecting
*geometry* detected driver: pdftex
(d:/texlive/2024/texmf-dist/tex/context/base/mkii/supp-pdf.mkii
[Loading MPS to PDF converter (version 2006.09.02).]
) (d:/texlive/2024/texmf-dist/tex/latex/epstopdf-pkg/epstopdf-base.sty
(d:/texlive/2024/texmf-dist/tex/latex/latexconfig/epstopdf-sys.cfg))
(./main.out) (./main.out)
(d:/texlive/2024/texmf-dist/tex/latex/amsfonts/umsa.fd)
(d:/texlive/2024/texmf-dist/tex/latex/amsfonts/umsb.fd) [1{d:/texlive/2024/texm
f-var/fonts/map/pdftex/updmap/pdftex.map}{d:/texlive/2024/texmf-dist/fonts/enc/
dvips/base/8r.enc}] (d:/texlive/2024/texmf-dist/tex/latex/psnfss/ts1ptm.fd)
[2] [3] [4] [5
pdfTeX warning (ext4): destination with the same identifier (name{table.1}) has
 been already used, duplicate ignored
<argument> ...shipout:D \box_use:N \l_shipout_box 
                                                  \__shipout_drop_firstpage_...
l.244 
      
pdfTeX warning (ext4): destination with the same identifier (name{figure.1}) ha
s been already used, duplicate ignored
<argument> ...shipout:D \box_use:N \l_shipout_box 
                                                  \__shipout_drop_firstpage_...
l.244 
      
pdfTeX warning (ext4): destination with the same identifier (name{figure.2}) ha
s been already used, duplicate ignored
<argument> ...shipout:D \box_use:N \l_shipout_box 
                                                  \__shipout_drop_firstpage_...
l.244 
       <./figures/phase_diagram.pdf> <./figures/best_method.pdf>] [6
pdfTeX warning (ext4): destination with the same identifier (name{figure.3}) ha
s been already used, duplicate ignored
<argument> ...shipout:D \box_use:N \l_shipout_box 
                                                  \__shipout_drop_firstpage_...
l.307 \end{figure}
                  
pdfTeX warning (ext4): destination with the same identifier (name{figure.4}) ha
s been already used, duplicate ignored
<argument> ...shipout:D \box_use:N \l_shipout_box 
                                                  \__shipout_drop_firstpage_...
l.307 \end{figure}
                   <./figures/snr_advantage.pdf> <./figures/shrinkage_heatmap.p
df>] [7
pdfTeX warning (ext4): destination with the same identifier (name{table.2}) has
 been already used, duplicate ignored
<argument> ...shipout:D \box_use:N \l_shipout_box 
                                                  \__shipout_drop_firstpage_...
l.319 
      
pdfTeX warning (ext4): destination with the same identifier (name{figure.5}) ha
s been already used, duplicate ignored
<argument> ...shipout:D \box_use:N \l_shipout_box 
                                                  \__shipout_drop_firstpage_...
l.319 
       <./figures/regime_boundary.pdf>] (./main.bbl [8]
Underfull \hbox (badness 1728) in paragraph at lines 57--62
[]\OT1/ptm/m/n/10.95 Brendan McMa-han, Ei-der Moore, Daniel Ra-m-age, Seth Hamp
-son, and Blaise Ag[]uera y Ar-cas.
) [9] [10
pdfTeX warning (ext4): destination with the same identifier (name{table.3}) has
 been already used, duplicate ignored
<argument> ...shipout:D \box_use:N \l_shipout_box 
                                                  \__shipout_drop_firstpage_...
l.393 
      ] [11
pdfTeX warning (ext4): destination with the same identifier (name{table.4}) has
 been already used, duplicate ignored
<argument> ...shipout:D \box_use:N \l_shipout_box 
                                                  \__shipout_drop_firstpage_...
l.447     \item \textbf
                       {Oracle advantage grows with heterogeneity.} In the s...

pdfTeX warning (ext4): destination with the same identifier (name{table.5}) has
 been already used, duplicate ignored
<argument> ...shipout:D \box_use:N \l_shipout_box 
                                                  \__shipout_drop_firstpage_...
l.447     \item \textbf
                       {Oracle advantage grows with heterogeneity.} In the s...
]
Overfull \hbox (1.47758pt too wide) in paragraph at lines 447--448
\OT1/ptm/m/n/10.95 Or-a-cle barely beats Fe-dAvg ($\OT1/cmr/m/n/10.95 0\OML/cmm
/m/it/10.95 :\OT1/cmr/m/n/10.95 484$ \OT1/ptm/m/n/10.95 vs $\OT1/cmr/m/n/10.95 
0\OML/cmm/m/it/10.95 :\OT1/cmr/m/n/10.95 507$\OT1/ptm/m/n/10.95 ---FedAvg ac-tu
-ally wins here). In the dis-joint regime ($[] \OMS/cmsy/m/n/10.95 ^^]

LaTeX Warning: `h' float specifier changed to `ht'.

[12
pdfTeX warning (ext4): destination with the same identifier (name{table.6}) has
 been already used, duplicate ignored
<argument> ...shipout:D \box_use:N \l_shipout_box 
                                                  \__shipout_drop_firstpage_...
l.512     \item P
                 ipeline gap (model, aggregation, communication): $+5.63$pp ...
] [13
pdfTeX warning (ext4): destination with the same identifier (name{table.7}) has
 been already used, duplicate ignored
<argument> ...shipout:D \box_use:N \l_shipout_box 
                                                  \__shipout_drop_firstpage_...
l.517 \end{document}
                    ] (./main.aux)

LaTeX Warning: Label(s) may have changed. Rerun to get cross-references right.

 )
(see the transcript file for additional information)<d:/texlive/2024/texmf-dist
/fonts/type1/public/amsfonts/cm/cmbx10.pfb><d:/texlive/2024/texmf-dist/fonts/ty
pe1/public/amsfonts/cm/cmex10.pfb><d:/texlive/2024/texmf-dist/fonts/type1/publi
c/amsfonts/cm/cmmi10.pfb><d:/texlive/2024/texmf-dist/fonts/type1/public/amsfont
s/cm/cmmi6.pfb><d:/texlive/2024/texmf-dist/fonts/type1/public/amsfonts/cm/cmmi7
.pfb><d:/texlive/2024/texmf-dist/fonts/type1/public/amsfonts/cm/cmmi8.pfb><d:/t
exlive/2024/texmf-dist/fonts/type1/public/amsfonts/cm/cmr10.pfb><d:/texlive/202
4/texmf-dist/fonts/type1/public/amsfonts/cm/cmr6.pfb><d:/texlive/2024/texmf-dis
t/fonts/type1/public/amsfonts/cm/cmr7.pfb><d:/texlive/2024/texmf-dist/fonts/typ
e1/public/amsfonts/cm/cmr8.pfb><d:/texlive/2024/texmf-dist/fonts/type1/public/a
msfonts/cm/cmsy10.pfb><d:/texlive/2024/texmf-dist/fonts/type1/public/amsfonts/c
m/cmsy6.pfb><d:/texlive/2024/texmf-dist/fonts/type1/public/amsfonts/cm/cmsy8.pf
b><d:/texlive/2024/texmf-dist/fonts/type1/public/amsfonts/symbols/msam10.pfb><d
:/texlive/2024/texmf-dist/fonts/type1/public/amsfonts/symbols/msbm10.pfb><d:/te
xlive/2024/texmf-dist/fonts/type1/urw/times/utmb8a.pfb><d:/texlive/2024/texmf-d
ist/fonts/type1/urw/times/utmr8a.pfb><d:/texlive/2024/texmf-dist/fonts/type1/ur
w/times/utmri8a.pfb>
Output written on main.pdf (13 pages, 343247 bytes).
Transcript written on main.log.
Latexmk: Getting log file 'main.log'
Latexmk: Examining 'main.fls'
Latexmk: Examining 'main.log'
Latexmk: Found input bbl file 'main.bbl'
Latexmk: References changed.
Latexmk: Log file says output to 'main.pdf'
Latexmk: Found bibliography file(s):
  ./references.bib
Latexmk: applying rule 'bibtex main'...
Rule 'bibtex main':  Reasons for rerun
Changed files or newly in use/created:
  main.aux

------------
Run number 3 of rule 'bibtex main'
------------
------------
Running 'bibtex  "main.aux"'
------------
This is BibTeX, Version 0.99d (TeX Live 2024)
The top-level auxiliary file: main.aux
The style file: plainnat.bst
Database file #1: references.bib
Latexmk: applying rule 'pdflatex'...
Rule 'pdflatex':  Reasons for rerun
Changed files or newly in use/created:
  main.aux

------------
Run number 4 of rule 'pdflatex'
------------
------------
Running 'pdflatex  -interaction=nonstopmode -halt-on-error -recorder  "main.tex"'
------------
This is pdfTeX, Version 3.141592653-2.6-1.40.26 (TeX Live 2024) (preloaded format=pdflatex)
 restricted \write18 enabled.
entering extended mode
(./main.tex
LaTeX2e <2023-11-01> patch level 1
L3 programming layer <2024-02-20>
(d:/texlive/2024/texmf-dist/tex/latex/base/article.cls
Document Class: article 2023/05/17 v1.4n Standard LaTeX document class
(d:/texlive/2024/texmf-dist/tex/latex/base/size11.clo)) (./neurips_2024.sty
(d:/texlive/2024/texmf-dist/tex/latex/geometry/geometry.sty
(d:/texlive/2024/texmf-dist/tex/latex/graphics/keyval.sty)
(d:/texlive/2024/texmf-dist/tex/generic/iftex/ifvtex.sty
(d:/texlive/2024/texmf-dist/tex/generic/iftex/iftex.sty)))
(d:/texlive/2024/texmf-dist/tex/latex/psnfss/times.sty)
(d:/texlive/2024/texmf-dist/tex/latex/natbib/natbib.sty))
(d:/texlive/2024/texmf-dist/tex/latex/amsmath/amsmath.sty
For additional information on amsmath, use the `?' option.
(d:/texlive/2024/texmf-dist/tex/latex/amsmath/amstext.sty
(d:/texlive/2024/texmf-dist/tex/latex/amsmath/amsgen.sty))
(d:/texlive/2024/texmf-dist/tex/latex/amsmath/amsbsy.sty)
(d:/texlive/2024/texmf-dist/tex/latex/amsmath/amsopn.sty))
(d:/texlive/2024/texmf-dist/tex/latex/amsfonts/amssymb.sty
(d:/texlive/2024/texmf-dist/tex/latex/amsfonts/amsfonts.sty))
(d:/texlive/2024/texmf-dist/tex/latex/amscls/amsthm.sty)
(d:/texlive/2024/texmf-dist/tex/latex/graphics/graphicx.sty
(d:/texlive/2024/texmf-dist/tex/latex/graphics/graphics.sty
(d:/texlive/2024/texmf-dist/tex/latex/graphics/trig.sty)
(d:/texlive/2024/texmf-dist/tex/latex/graphics-cfg/graphics.cfg)
(d:/texlive/2024/texmf-dist/tex/latex/graphics-def/pdftex.def)))
(d:/texlive/2024/texmf-dist/tex/latex/booktabs/booktabs.sty)
(d:/texlive/2024/texmf-dist/tex/latex/hyperref/hyperref.sty
(d:/texlive/2024/texmf-dist/tex/latex/kvsetkeys/kvsetkeys.sty)
(d:/texlive/2024/texmf-dist/tex/generic/kvdefinekeys/kvdefinekeys.sty)
(d:/texlive/2024/texmf-dist/tex/generic/pdfescape/pdfescape.sty
(d:/texlive/2024/texmf-dist/tex/generic/ltxcmds/ltxcmds.sty)
(d:/texlive/2024/texmf-dist/tex/generic/pdftexcmds/pdftexcmds.sty
(d:/texlive/2024/texmf-dist/tex/generic/infwarerr/infwarerr.sty)))
(d:/texlive/2024/texmf-dist/tex/latex/hycolor/hycolor.sty)
(d:/texlive/2024/texmf-dist/tex/latex/auxhook/auxhook.sty)
(d:/texlive/2024/texmf-dist/tex/latex/hyperref/nameref.sty
(d:/texlive/2024/texmf-dist/tex/latex/refcount/refcount.sty)
(d:/texlive/2024/texmf-dist/tex/generic/gettitlestring/gettitlestring.sty
(d:/texlive/2024/texmf-dist/tex/latex/kvoptions/kvoptions.sty)))
(d:/texlive/2024/texmf-dist/tex/latex/etoolbox/etoolbox.sty)
(d:/texlive/2024/texmf-dist/tex/latex/hyperref/pd1enc.def)
(d:/texlive/2024/texmf-dist/tex/generic/intcalc/intcalc.sty)
(d:/texlive/2024/texmf-dist/tex/latex/hyperref/puenc.def)
(d:/texlive/2024/texmf-dist/tex/latex/url/url.sty)
(d:/texlive/2024/texmf-dist/tex/generic/bitset/bitset.sty
(d:/texlive/2024/texmf-dist/tex/generic/bigintcalc/bigintcalc.sty))
(d:/texlive/2024/texmf-dist/tex/latex/base/atbegshi-ltx.sty))
(d:/texlive/2024/texmf-dist/tex/latex/hyperref/hpdftex.def
(d:/texlive/2024/texmf-dist/tex/latex/base/atveryend-ltx.sty)
(d:/texlive/2024/texmf-dist/tex/latex/rerunfilecheck/rerunfilecheck.sty
(d:/texlive/2024/texmf-dist/tex/generic/uniquecounter/uniquecounter.sty)))
(d:/texlive/2024/texmf-dist/tex/latex/algorithms/algorithm.sty
(d:/texlive/2024/texmf-dist/tex/latex/float/float.sty)
(d:/texlive/2024/texmf-dist/tex/latex/base/ifthen.sty))
(d:/texlive/2024/texmf-dist/tex/latex/algorithms/algorithmic.sty)
(d:/texlive/2024/texmf-dist/tex/latex/xcolor/xcolor.sty
(d:/texlive/2024/texmf-dist/tex/latex/graphics-cfg/color.cfg)
(d:/texlive/2024/texmf-dist/tex/latex/graphics/mathcolor.ltx))
(d:/texlive/2024/texmf-dist/tex/latex/enumitem/enumitem.sty)
(d:/texlive/2024/texmf-dist/tex/latex/psnfss/ot1ptm.fd)
(d:/texlive/2024/texmf-dist/tex/latex/l3backend/l3backend-pdftex.def)
(./main.aux)
*geometry* driver: auto-detecting
*geometry* detected driver: pdftex
(d:/texlive/2024/texmf-dist/tex/context/base/mkii/supp-pdf.mkii
[Loading MPS to PDF converter (version 2006.09.02).]
) (d:/texlive/2024/texmf-dist/tex/latex/epstopdf-pkg/epstopdf-base.sty
(d:/texlive/2024/texmf-dist/tex/latex/latexconfig/epstopdf-sys.cfg))
(./main.out) (./main.out)
(d:/texlive/2024/texmf-dist/tex/latex/amsfonts/umsa.fd)
(d:/texlive/2024/texmf-dist/tex/latex/amsfonts/umsb.fd) [1{d:/texlive/2024/texm
f-var/fonts/map/pdftex/updmap/pdftex.map}{d:/texlive/2024/texmf-dist/fonts/enc/
dvips/base/8r.enc}] (d:/texlive/2024/texmf-dist/tex/latex/psnfss/ts1ptm.fd)
[2] [3] [4] [5
pdfTeX warning (ext4): destination with the same identifier (name{table.1}) has
 been already used, duplicate ignored
<argument> ...shipout:D \box_use:N \l_shipout_box 
                                                  \__shipout_drop_firstpage_...
l.244 
      
pdfTeX warning (ext4): destination with the same identifier (name{figure.1}) ha
s been already used, duplicate ignored
<argument> ...shipout:D \box_use:N \l_shipout_box 
                                                  \__shipout_drop_firstpage_...
l.244 
      
pdfTeX warning (ext4): destination with the same identifier (name{figure.2}) ha
s been already used, duplicate ignored
<argument> ...shipout:D \box_use:N \l_shipout_box 
                                                  \__shipout_drop_firstpage_...
l.244 
       <./figures/phase_diagram.pdf> <./figures/best_method.pdf>] [6
pdfTeX warning (ext4): destination with the same identifier (name{figure.3}) ha
s been already used, duplicate ignored
<argument> ...shipout:D \box_use:N \l_shipout_box 
                                                  \__shipout_drop_firstpage_...
l.307 \end{figure}
                  
pdfTeX warning (ext4): destination with the same identifier (name{figure.4}) ha
s been already used, duplicate ignored
<argument> ...shipout:D \box_use:N \l_shipout_box 
                                                  \__shipout_drop_firstpage_...
l.307 \end{figure}
                   <./figures/snr_advantage.pdf> <./figures/shrinkage_heatmap.p
df>] [7
pdfTeX warning (ext4): destination with the same identifier (name{table.2}) has
 been already used, duplicate ignored
<argument> ...shipout:D \box_use:N \l_shipout_box 
                                                  \__shipout_drop_firstpage_...
l.319 
      
pdfTeX warning (ext4): destination with the same identifier (name{figure.5}) ha
s been already used, duplicate ignored
<argument> ...shipout:D \box_use:N \l_shipout_box 
                                                  \__shipout_drop_firstpage_...
l.319 
       <./figures/regime_boundary.pdf>] (./main.bbl [8]
Underfull \hbox (badness 1728) in paragraph at lines 57--62
[]\OT1/ptm/m/n/10.95 Brendan McMa-han, Ei-der Moore, Daniel Ra-m-age, Seth Hamp
-son, and Blaise Ag[]uera y Ar-cas.
) [9] [10
pdfTeX warning (ext4): destination with the same identifier (name{table.3}) has
 been already used, duplicate ignored
<argument> ...shipout:D \box_use:N \l_shipout_box 
                                                  \__shipout_drop_firstpage_...
l.393 
      ] [11
pdfTeX warning (ext4): destination with the same identifier (name{table.4}) has
 been already used, duplicate ignored
<argument> ...shipout:D \box_use:N \l_shipout_box 
                                                  \__shipout_drop_firstpage_...
l.447     \item \textbf
                       {Oracle advantage grows with heterogeneity.} In the s...

pdfTeX warning (ext4): destination with the same identifier (name{table.5}) has
 been already used, duplicate ignored
<argument> ...shipout:D \box_use:N \l_shipout_box 
                                                  \__shipout_drop_firstpage_...
l.447     \item \textbf
                       {Oracle advantage grows with heterogeneity.} In the s...
]
Overfull \hbox (1.47758pt too wide) in paragraph at lines 447--448
\OT1/ptm/m/n/10.95 Or-a-cle barely beats Fe-dAvg ($\OT1/cmr/m/n/10.95 0\OML/cmm
/m/it/10.95 :\OT1/cmr/m/n/10.95 484$ \OT1/ptm/m/n/10.95 vs $\OT1/cmr/m/n/10.95 
0\OML/cmm/m/it/10.95 :\OT1/cmr/m/n/10.95 507$\OT1/ptm/m/n/10.95 ---FedAvg ac-tu
-ally wins here). In the dis-joint regime ($[] \OMS/cmsy/m/n/10.95 ^^]

LaTeX Warning: `h' float specifier changed to `ht'.

[12
pdfTeX warning (ext4): destination with the same identifier (name{table.6}) has
 been already used, duplicate ignored
<argument> ...shipout:D \box_use:N \l_shipout_box 
                                                  \__shipout_drop_firstpage_...
l.512     \item P
                 ipeline gap (model, aggregation, communication): $+5.63$pp ...
] [13
pdfTeX warning (ext4): destination with the same identifier (name{table.7}) has
 been already used, duplicate ignored
<argument> ...shipout:D \box_use:N \l_shipout_box 
                                                  \__shipout_drop_firstpage_...
l.517 \end{document}
                    ] (./main.aux) )
(see the transcript file for additional information)<d:/texlive/2024/texmf-dist
/fonts/type1/public/amsfonts/cm/cmbx10.pfb><d:/texlive/2024/texmf-dist/fonts/ty
pe1/public/amsfonts/cm/cmex10.pfb><d:/texlive/2024/texmf-dist/fonts/type1/publi
c/amsfonts/cm/cmmi10.pfb><d:/texlive/2024/texmf-dist/fonts/type1/public/amsfont
s/cm/cmmi6.pfb><d:/texlive/2024/texmf-dist/fonts/type1/public/amsfonts/cm/cmmi7
.pfb><d:/texlive/2024/texmf-dist/fonts/type1/public/amsfonts/cm/cmmi8.pfb><d:/t
exlive/2024/texmf-dist/fonts/type1/public/amsfonts/cm/cmr10.pfb><d:/texlive/202
4/texmf-dist/fonts/type1/public/amsfonts/cm/cmr6.pfb><d:/texlive/2024/texmf-dis
t/fonts/type1/public/amsfonts/cm/cmr7.pfb><d:/texlive/2024/texmf-dist/fonts/typ
e1/public/amsfonts/cm/cmr8.pfb><d:/texlive/2024/texmf-dist/fonts/type1/public/a
msfonts/cm/cmsy10.pfb><d:/texlive/2024/texmf-dist/fonts/type1/public/amsfonts/c
m/cmsy6.pfb><d:/texlive/2024/texmf-dist/fonts/type1/public/amsfonts/cm/cmsy8.pf
b><d:/texlive/2024/texmf-dist/fonts/type1/public/amsfonts/symbols/msam10.pfb><d
:/texlive/2024/texmf-dist/fonts/type1/public/amsfonts/symbols/msbm10.pfb><d:/te
xlive/2024/texmf-dist/fonts/type1/urw/times/utmb8a.pfb><d:/texlive/2024/texmf-d
ist/fonts/type1/urw/times/utmr8a.pfb><d:/texlive/2024/texmf-dist/fonts/type1/ur
w/times/utmri8a.pfb>
Output written on main.pdf (13 pages, 343247 bytes).
Transcript written on main.log.
Latexmk: Getting log file 'main.log'
Latexmk: Examining 'main.fls'
Latexmk: Examining 'main.log'
Latexmk: Found input bbl file 'main.bbl'
Latexmk: Log file says output to 'main.pdf'
Latexmk: Found bibliography file(s):
  ./references.bib
Latexmk: All targets (main.pdf) are up-to-date

