\BOOKMARK [1][-]{section.1}{\376\377\000I\000n\000t\000r\000o\000d\000u\000c\000t\000i\000o\000n}{}% 1
\BOOKMARK [1][-]{section.2}{\376\377\000R\000e\000l\000a\000t\000e\000d\000\040\000W\000o\000r\000k}{}% 2
\BOOKMARK [1][-]{section.3}{\376\377\000P\000r\000e\000l\000i\000m\000i\000n\000a\000r\000i\000e\000s}{}% 3
\BOOKMARK [2][-]{subsection.3.1}{\376\377\000P\000r\000o\000b\000l\000e\000m\000\040\000S\000e\000t\000t\000i\000n\000g}{section.3}% 4
\BOOKMARK [2][-]{subsection.3.2}{\376\377\000W\000h\000e\000n\000\040\000D\000o\000e\000s\000\040\000C\000o\000n\000c\000e\000p\000t\000-\000L\000e\000v\000e\000l\000\040\000A\000g\000g\000r\000e\000g\000a\000t\000i\000o\000n\000\040\000H\000e\000l\000p\000?}{section.3}% 5
\BOOKMARK [1][-]{section.4}{\376\377\000M\000e\000t\000h\000o\000d\000:\000\040\000F\000e\000d\000P\000r\000o\000T\000r\000a\000c\000k}{}% 6
\BOOKMARK [2][-]{subsection.4.1}{\376\377\000T\000h\000e\000o\000r\000e\000t\000i\000c\000a\000l\000\040\000F\000o\000u\000n\000d\000a\000t\000i\000o\000n\000:\000\040\000P\000r\000o\000t\000o\000c\000o\000l\000\040\000O\000r\000d\000e\000r\000i\000n\000g}{section.4}% 7
\BOOKMARK [2][-]{subsection.4.2}{\376\377\000F\000i\000n\000g\000e\000r\000p\000r\000i\000n\000t\000\040\000E\000x\000t\000r\000a\000c\000t\000i\000o\000n}{section.4}% 8
\BOOKMARK [2][-]{subsection.4.3}{\376\377\000C\000o\000n\000c\000e\000p\000t\000\040\000D\000i\000s\000c\000o\000v\000e\000r\000y\000\040\000v\000i\000a\000\040\000O\000T\000\040\000S\000p\000e\000c\000t\000r\000a\000l\000\040\000C\000l\000u\000s\000t\000e\000r\000i\000n\000g}{section.4}% 9
\BOOKMARK [2][-]{subsection.4.4}{\376\377\000C\000o\000n\000c\000e\000p\000t\000-\000M\000a\000t\000c\000h\000e\000d\000\040\000T\000r\000a\000i\000n\000i\000n\000g\000\040\000a\000n\000d\000\040\000A\000g\000g\000r\000e\000g\000a\000t\000i\000o\000n}{section.4}% 10
\BOOKMARK [2][-]{subsection.4.5}{\376\377\000A\000d\000a\000p\000t\000i\000v\000e\000\040\000S\000h\000r\000i\000n\000k\000a\000g\000e}{section.4}% 11
\BOOKMARK [1][-]{section.5}{\376\377\000E\000x\000p\000e\000r\000i\000m\000e\000n\000t\000s}{}% 12
\BOOKMARK [2][-]{subsection.5.1}{\376\377\000S\000e\000t\000u\000p}{section.5}% 13
\BOOKMARK [2][-]{subsection.5.2}{\376\377\000M\000a\000i\000n\000\040\000R\000e\000s\000u\000l\000t\000s}{section.5}% 14
\BOOKMARK [2][-]{subsection.5.3}{\376\377\000A\000n\000a\000l\000y\000s\000i\000s}{section.5}% 15
\BOOKMARK [1][-]{section.6}{\376\377\000C\000o\000n\000c\000l\000u\000s\000i\000o\000n}{}% 16
\BOOKMARK [1][-]{appendix.A}{\376\377\000P\000r\000o\000o\000f\000\040\000o\000f\000\040\000T\000h\000e\000o\000r\000e\000m\000\040\0004\000\040\000\050\000S\000t\000a\000l\000e\000-\000I\000n\000i\000t\000i\000a\000l\000i\000s\000a\000t\000i\000o\000n\000\040\000A\000m\000p\000l\000i\000f\000i\000c\000a\000t\000i\000o\000n\000\051}{}% 17
\BOOKMARK [1][-]{appendix.B}{\376\377\000P\000r\000o\000o\000f\000\040\000o\000f\000\040\000C\000o\000r\000o\000l\000l\000a\000r\000y\000\040\0002\000\040\000\050\000I\000m\000p\000l\000i\000c\000i\000t\000\040\000S\000h\000r\000i\000n\000k\000a\000g\000e\000\040\000f\000r\000o\000m\000\040\000I\000m\000p\000e\000r\000f\000e\000c\000t\000\040\000C\000l\000u\000s\000t\000e\000r\000i\000n\000g\000\051}{}% 18
\BOOKMARK [1][-]{appendix.C}{\376\377\000C\000l\000e\000a\000n\000\040\000S\000c\000h\000e\000m\000e\000\040\000A\000\040\000C\000l\000u\000s\000t\000e\000r\000i\000n\000g\000\040\000E\000r\000r\000o\000r}{}% 19
\BOOKMARK [1][-]{appendix.D}{\376\377\000C\000r\000o\000s\000s\000o\000v\000e\000r\000\040\000E\000x\000t\000e\000n\000s\000i\000o\000n\000s}{}% 20
\BOOKMARK [1][-]{appendix.E}{\376\377\000F\000u\000l\000l\000\040\0002\0006\000-\000M\000e\000t\000h\000o\000d\000\040\000R\000a\000n\000k\000i\000n\000g\000s}{}% 21
\BOOKMARK [1][-]{appendix.F}{\376\377\000C\000l\000u\000s\000t\000e\000r\000i\000n\000g\000\040\000E\000r\000r\000o\000r\000\040\000A\000c\000r\000o\000s\000s\000\040\000t\000h\000e\000\040\000C\000l\000u\000s\000t\000e\000r\000-\000A\000f\000t\000e\000r\000-\000T\000r\000a\000i\000n\000\040\000F\000a\000m\000i\000l\000y}{}% 22
\BOOKMARK [1][-]{appendix.G}{\376\377\000N\000o\000n\000-\000R\000e\000c\000u\000r\000r\000e\000n\000c\000e\000\040\000F\000a\000l\000l\000b\000a\000c\000k}{}% 23
\BOOKMARK [1][-]{appendix.H}{\376\377\000E\000M\000N\000I\000S\000T\000\040\000E\000n\000d\000-\000t\000o\000-\000E\000n\000d\000\040\000C\000N\000N}{}% 24
\BOOKMARK [1][-]{appendix.I}{\376\377\000K\000-\000S\000c\000a\000l\000i\000n\000g\000\040\000o\000n\000\040\000C\000I\000F\000A\000R\000-\0001\0000\0000}{}% 25
\BOOKMARK [1][-]{appendix.J}{\376\377\000S\000h\000r\000i\000n\000k\000a\000g\000e\000\040\000C\000o\000e\000f\000f\000i\000c\000i\000e\000n\000t\000\040\000o\000n\000\040\000C\000I\000F\000A\000R\000-\0001\0000}{}% 26
\BOOKMARK [1][-]{appendix.K}{\376\377\000S\000i\000m\000i\000l\000a\000r\000i\000t\000y\000\040\000W\000e\000i\000g\000h\000t\000\040\000S\000e\000n\000s\000i\000t\000i\000v\000i\000t\000y}{}% 27
\BOOKMARK [1][-]{appendix.L}{\376\377\000P\000a\000r\000t\000i\000a\000l\000\040\000F\000i\000n\000e\000-\000T\000u\000n\000i\000n\000g\000\040\000a\000n\000d\000\040\000F\000i\000n\000g\000e\000r\000p\000r\000i\000n\000t\000\040\000S\000t\000a\000b\000i\000l\000i\000t\000y}{}% 28
\BOOKMARK [1][-]{appendix.M}{\376\377\000C\000o\000n\000c\000e\000p\000t\000-\000C\000o\000u\000n\000t\000\040\000S\000e\000n\000s\000i\000t\000i\000v\000i\000t\000y}{}% 29
\BOOKMARK [1][-]{appendix.N}{\376\377\000M\000i\000s\000s\000p\000e\000c\000i\000f\000i\000e\000d\000\040\000C\000l\000u\000s\000t\000e\000r\000\040\000C\000o\000u\000n\000t}{}% 30
